<?xml version="1.0" encoding="UTF-8"?>
<!-- Generated by org.testng.reporters.JUnitReportReporter -->
<testsuite skipped="0" hostname="DESKTOP-RR2CFCS" name="com.TestClasses.RegisterTestCase" tests="1" failures="0" timestamp="2022-01-25T15:29:52 IST" time="34.511" errors="0">
  <testcase name="Registration" time="34.511" classname="com.TestClasses.RegisterTestCase"/>
  <system-out>
    <![CDATA[The demo.opencart. test cases will execute now onwards
=================================Registration Test Case Started===============================================
=================================Registration Test Case Ended===============================================]]>
  </system-out>
</testsuite> <!-- com.TestClasses.RegisterTestCase -->
