<?xml version="1.0" encoding="UTF-8"?>
<!-- Generated by org.testng.reporters.JUnitReportReporter -->
<testsuite skipped="0" hostname="DESKTOP-RR2CFCS" name="com.TestClasses.SearchProductTestCase" tests="1" failures="0" timestamp="2022-01-25T15:29:52 IST" time="33.462" errors="0">
  <testcase name="SearchProcess" time="33.462" classname="com.TestClasses.SearchProductTestCase"/>
  <system-out>
    <![CDATA[The demo.opencart. test cases will execute now onwards
=================================SearchProcess Test Case Started===============================================
=================================SearchProcess Test Case Ended===============================================]]>
  </system-out>
</testsuite> <!-- com.TestClasses.SearchProductTestCase -->
