<?xml version="1.0" encoding="UTF-8"?>
<!-- Generated by org.testng.reporters.JUnitReportReporter -->
<testsuite skipped="0" hostname="DESKTOP-RR2CFCS" name="com.TestClasses.OrderTestCase" tests="1" failures="0" timestamp="2022-01-25T15:29:52 IST" time="80.848" errors="0">
  <testcase name="orderEndToEndProcess" time="80.848" classname="com.TestClasses.OrderTestCase"/>
  <system-out>
    <![CDATA[The demo.opencart. test cases will execute now onwards
=================================Order End To End Process Test Case Started===============================================
=================================Order End To End Process Test Case Ended===============================================]]>
  </system-out>
</testsuite> <!-- com.TestClasses.OrderTestCase -->
