<?xml version="1.0" encoding="UTF-8"?>
<!-- Generated by org.testng.reporters.JUnitReportReporter -->
<testsuite skipped="0" hostname="DESKTOP-RR2CFCS" name="com.TestClasses.StartToEndProcessTestcase" tests="1" failures="0" timestamp="2022-01-25T15:29:52 IST" time="60.070" errors="0">
  <testcase name="endToendProcess" time="60.070" classname="com.TestClasses.StartToEndProcessTestcase"/>
  <system-out>
    <![CDATA[The demo.opencart. test cases will execute now onwards
=================================endToendProcess Test Case Started===============================================
Login Page Process Completed 
Search Result Page Process Completed 
Order Page Process Completed 
=================================endToendProcess Test Case Started===============================================]]>
  </system-out>
</testsuite> <!-- com.TestClasses.StartToEndProcessTestcase -->
