<?xml version="1.0" encoding="UTF-8"?>
<!-- Generated by org.testng.reporters.JUnitReportReporter -->
<testsuite skipped="0" hostname="DESKTOP-RR2CFCS" name="com.TestClasses.LoginTestCase" tests="1" failures="0" timestamp="2022-01-25T15:29:52 IST" time="25.380" errors="0">
  <testcase name="ValidLoginTestCase" time="25.380" classname="com.TestClasses.LoginTestCase"/>
  <system-out>
    <![CDATA[The demo.opencart. test cases will execute now onwards
=================================Valid LoginTest Case Started===============================================
=================================Valid LoginTest Case Ended===============================================]]>
  </system-out>
</testsuite> <!-- com.TestClasses.LoginTestCase -->
