<?xml version="1.0" encoding="UTF-8"?>
<!-- Generated by org.testng.reporters.JUnitReportReporter -->
<testsuite skipped="0" hostname="DESKTOP-RR2CFCS" name="com.TestClasses.InvalidLogineTestCase" tests="1" failures="0" timestamp="2022-01-25T15:29:52 IST" time="32.941" errors="0">
  <testcase name="InvalidLoginTestCase" time="32.941" classname="com.TestClasses.InvalidLogineTestCase"/>
  <system-out>
    <![CDATA[The demo.opencart. test cases will execute now onwards
=================================Invalid LoginTest Case Started===============================================
=================================Invalid LoginTest Case Ended===============================================]]>
  </system-out>
</testsuite> <!-- com.TestClasses.InvalidLogineTestCase -->
